<?xml version="1.0" encoding="UTF-8"?>
<!-- Generated by org.testng.reporters.JUnitReportReporter -->
<testsuite skipped="0" hostname="DESKTOP-FBH64LF" name="com.bridgelabz.bookstore.seller.SellerTest" tests="1" failures="0" timestamp="16 Jun 2020 05:59:47 GMT" time="40.014" errors="0">
  <testcase name="testSearchBook" time="40.014" classname="com.bridgelabz.bookstore.seller.SellerTest"/>
</testsuite> <!-- com.bridgelabz.bookstore.seller.SellerTest -->
