<?xml version="1.0" encoding="UTF-8"?>
<!-- Generated by org.testng.reporters.JUnitReportReporter -->
<testsuite skipped="0" hostname="DESKTOP-FBH64LF" name="com.bridgelabz.bookstore.admin.AdminServiceTest" tests="1" failures="0" timestamp="18 Jun 2020 16:09:47 GMT" time="49.307" errors="0">
  <testcase name="testOrderStatusBooks" time="49.307" classname="com.bridgelabz.bookstore.admin.AdminServiceTest"/>
</testsuite> <!-- com.bridgelabz.bookstore.admin.AdminServiceTest -->
