<?xml version="1.0" encoding="UTF-8"?>
<!-- Generated by org.testng.reporters.JUnitReportReporter -->
<testsuite skipped="0" hostname="DESKTOP-FBH64LF" name="com.bridgelabz.fundoo.FundooApp" tests="1" failures="0" timestamp="08 May 2020 04:52:51 GMT" time="16.231" errors="0">
  <testcase name="testSearchBar" time="16.231" classname="com.bridgelabz.fundoo.FundooApp"/>
</testsuite> <!-- com.bridgelabz.fundoo.FundooApp -->
