<?xml version="1.0" encoding="UTF-8"?>
<!-- Generated by org.testng.reporters.JUnitReportReporter -->
<testsuite skipped="0" hostname="DESKTOP-FBH64LF" name="com.bridgelabz.fundoo.NoteService.NoteServiceTest" tests="1" failures="0" timestamp="21 May 2020 07:51:27 GMT" time="42.009" errors="0">
  <testcase name="testRemoveCollaboratorNote" time="42.009" classname="com.bridgelabz.fundoo.NoteService.NoteServiceTest"/>
</testsuite> <!-- com.bridgelabz.fundoo.NoteService.NoteServiceTest -->
