<?xml version="1.0" encoding="UTF-8"?>
<!-- Generated by org.testng.reporters.JUnitReportReporter -->
<testsuite skipped="0" hostname="DESKTOP-FBH64LF" name="com.bridgelabz.fundoo.NoteService.NoteServiceTest" tests="1" failures="0" timestamp="12 May 2020 12:29:08 GMT" time="86.817" errors="0">
  <testcase name="testCreateNote" time="86.817" classname="com.bridgelabz.fundoo.NoteService.NoteServiceTest"/>
</testsuite> <!-- com.bridgelabz.fundoo.NoteService.NoteServiceTest -->
