<?xml version="1.0" encoding="UTF-8"?>
<!-- Generated by org.testng.reporters.JUnitReportReporter -->
<testsuite skipped="0" hostname="DESKTOP-FBH64LF" name="com.bridgelabz.fundoo.UserService.UserServiceTest" tests="1" failures="0" timestamp="08 May 2020 05:49:55 GMT" time="24.482" errors="0">
  <testcase name="testLogin" time="24.482" classname="com.bridgelabz.fundoo.UserService.UserServiceTest"/>
</testsuite> <!-- com.bridgelabz.fundoo.UserService.UserServiceTest -->
