<?xml version="1.0" encoding="UTF-8"?>
<!-- Generated by org.testng.reporters.JUnitReportReporter -->
<testsuite skipped="0" hostname="DESKTOP-FBH64LF" name="com.bridgelabz.fundoo.FundooApp" tests="1" failures="0" timestamp="07 May 2020 07:20:16 GMT" time="10.053" errors="0">
  <testcase name="testTitle" time="10.053" classname="com.bridgelabz.fundoo.FundooApp"/>
</testsuite> <!-- com.bridgelabz.fundoo.FundooApp -->
