<?xml version="1.0" encoding="UTF-8"?>
<!-- Generated by org.testng.reporters.JUnitReportReporter -->
<testsuite skipped="0" hostname="DESKTOP-FBH64LF" name="com.bridgelabz.fundoo.UserService.LoginTest" tests="1" failures="0" timestamp="09 May 2020 07:57:19 GMT" time="31.936" errors="0">
  <testcase name="testLogin" time="31.936" classname="com.bridgelabz.fundoo.UserService.LoginTest"/>
</testsuite> <!-- com.bridgelabz.fundoo.UserService.LoginTest -->
