<?xml version="1.0" encoding="UTF-8"?>
<!-- Generated by org.testng.reporters.JUnitReportReporter -->
<testsuite skipped="0" hostname="DESKTOP-FBH64LF" name="com.bridgelabz.LabelService.LabelServiceTest" tests="1" failures="0" timestamp="20 May 2020 11:35:14 GMT" time="66.413" errors="0">
  <testcase name="testAddLabel" time="66.413" classname="com.bridgelabz.LabelService.LabelServiceTest"/>
</testsuite> <!-- com.bridgelabz.LabelService.LabelServiceTest -->
