<?xml version="1.0" encoding="UTF-8"?>
<!-- Generated by org.testng.reporters.JUnitReportReporter -->
<testsuite skipped="0" hostname="DESKTOP-FBH64LF" name="com.bridgelabz.fundoo.FundooApp" tests="1" failures="0" timestamp="08 May 2020 14:02:38 GMT" time="18.381" errors="0">
  <testcase name="testSearchBar" time="18.381" classname="com.bridgelabz.fundoo.FundooApp"/>
</testsuite> <!-- com.bridgelabz.fundoo.FundooApp -->
