<?xml version="1.0" encoding="UTF-8"?>
<!-- Generated by org.testng.reporters.JUnitReportReporter -->
<testsuite skipped="0" hostname="DESKTOP-FBH64LF" name="com.bridgelabz.fundoo.LabelService.LabelServiceTest" tests="1" failures="0" timestamp="21 May 2020 11:16:20 GMT" time="58.493" errors="0">
  <testcase name="testDeleteLabel" time="58.493" classname="com.bridgelabz.fundoo.LabelService.LabelServiceTest"/>
</testsuite> <!-- com.bridgelabz.fundoo.LabelService.LabelServiceTest -->
