<?xml version="1.0" encoding="UTF-8"?>
<!-- Generated by org.testng.reporters.JUnitReportReporter -->
<testsuite skipped="0" hostname="DESKTOP-FBH64LF" name="com.bridgelabz.fundoo.UserService.UserServiceTest" tests="1" failures="0" timestamp="08 May 2020 06:45:07 GMT" time="24.373" errors="0">
  <testcase name="testUserRegistration" time="24.373" classname="com.bridgelabz.fundoo.UserService.UserServiceTest"/>
</testsuite> <!-- com.bridgelabz.fundoo.UserService.UserServiceTest -->
